<?xml version="1.0" encoding="UTF-8" ?>
<testsuite tests="16" failures="0" name="br.com.contmatic.estudos.prova02.guava.PessoaTest" time="0" errors="0" skipped="0">
  <properties>
[...]
</properties>
  <testcase classname="br.com.contmatic.estudos.prova02.guava.PessoaTest" name="deve_aceitar_idade_positiva_ate_120_anos" time="0"/>
  <testcase classname="br.com.contmatic.estudos.prova02.guava.PessoaTest" name="nao_deve_aceitar_rg_nulo" time="0"/>
  <testcase classname="br.com.contmatic.estudos.prova02.guava.PessoaTest" name="nao_deve_aceitar_nome_em_branco" time="0"/>
  <testcase classname="br.com.contmatic.estudos.prova02.guava.PessoaTest" name="deve_permitir_continuacao_com_estado_desejado" time="0"/>
  <testcase classname="br.com.contmatic.estudos.prova02.guava.PessoaTest" name="deve_aceitar_nome_valido" time="0"/>
  <testcase classname="br.com.contmatic.estudos.prova02.guava.PessoaTest" name="nao_deve_aceitar_cpf_nulo" time="0"/>
  <testcase classname="br.com.contmatic.estudos.prova02.guava.PessoaTest" name="nao_deve_aceitar_rg_em_branco" time="0"/>
  <testcase classname="br.com.contmatic.estudos.prova02.guava.PessoaTest" name="nao_deve_aceitar_nome_nulo" time="0"/>
  <testcase classname="br.com.contmatic.estudos.prova02.guava.PessoaTest" name="nao_deve_permitir_continuacao_com_estado_nao_desejado" time="0"/>
  <testcase classname="br.com.contmatic.estudos.prova02.guava.PessoaTest" name="deve_aceitar_indice_dentro_dos_limites_da_lista" time="0"/>
  <testcase classname="br.com.contmatic.estudos.prova02.guava.PessoaTest" name="nao_deve_aceitar_idade_negativa" time="0"/>
  <testcase classname="br.com.contmatic.estudos.prova02.guava.PessoaTest" name="nao_deve_aceitar_idade_positiva_superior_a_120_anos" time="0"/>
  <testcase classname="br.com.contmatic.estudos.prova02.guava.PessoaTest" name="deve_aceitar_cpf" time="0"/>
  <testcase classname="br.com.contmatic.estudos.prova02.guava.PessoaTest" name="nao_deve_aceitar_cpf_em_branco" time="0"/>
  <testcase classname="br.com.contmatic.estudos.prova02.guava.PessoaTest" name="nao_deve_aceitar_idade_nula" time="0"/>
  <testcase classname="br.com.contmatic.estudos.prova02.guava.PessoaTest" name="nao_deve_aceitar_indice_maior_que_o_tamanho_da_lista" time="0"/>
</testsuite>